\BOOKMARK [0][-]{chapter.1}{Data Structure}{}% 1
\BOOKMARK [1][-]{section.1.1}{Segment Tree}{chapter.1}% 2
\BOOKMARK [2][-]{subsection.1.1.1}{Segment Tree \046 Lazy Propagation}{section.1.1}% 3
\BOOKMARK [2][-]{subsection.1.1.2}{Quadtree}{section.1.1}% 4
\BOOKMARK [2][-]{subsection.1.1.3}{Mergesort Segtree}{section.1.1}% 5
\BOOKMARK [2][-]{subsection.1.1.4}{Persistent Segtree}{section.1.1}% 6
\BOOKMARK [1][-]{section.1.2}{Fenwick Tree}{chapter.1}% 7
\BOOKMARK [2][-]{subsection.1.2.1}{Fenwick Tree 1D}{section.1.2}% 8
\BOOKMARK [2][-]{subsection.1.2.2}{Fenwick Tree 2D}{section.1.2}% 9
\BOOKMARK [1][-]{section.1.3}{Cartesian Tree}{chapter.1}% 10
\BOOKMARK [2][-]{subsection.1.3.1}{Cartesian Tree}{section.1.3}% 11
\BOOKMARK [2][-]{subsection.1.3.2}{Implicit Cartesian Tree}{section.1.3}% 12
\BOOKMARK [1][-]{section.1.4}{Merge Sort \046 Swap Count}{chapter.1}% 13
\BOOKMARK [2][-]{subsection.1.4.1}{Merge Sort \046 Vector}{section.1.4}% 14
\BOOKMARK [2][-]{subsection.1.4.2}{Merge Sort}{section.1.4}% 15
\BOOKMARK [1][-]{section.1.5}{Sparse Table}{chapter.1}% 16
\BOOKMARK [1][-]{section.1.6}{SQRT Decomposition}{chapter.1}% 17
\BOOKMARK [2][-]{subsection.1.6.1}{Array}{section.1.6}% 18
\BOOKMARK [2][-]{subsection.1.6.2}{Tree}{section.1.6}% 19
\BOOKMARK [0][-]{chapter.2}{Graph}{}% 20
\BOOKMARK [1][-]{section.2.1}{Components}{chapter.2}% 21
\BOOKMARK [2][-]{subsection.2.1.1}{Articulations, Bridges \046 Cycles}{section.2.1}% 22
\BOOKMARK [2][-]{subsection.2.1.2}{Strongly Connected Components}{section.2.1}% 23
\BOOKMARK [2][-]{subsection.2.1.3}{Semi-Strongly Connected Components}{section.2.1}% 24
\BOOKMARK [1][-]{section.2.2}{Single Source Shortest Path}{chapter.2}% 25
\BOOKMARK [2][-]{subsection.2.2.1}{Dijkstra}{section.2.2}% 26
\BOOKMARK [2][-]{subsection.2.2.2}{Bellmanford}{section.2.2}% 27
\BOOKMARK [1][-]{section.2.3}{All Pairs Shortest Path}{chapter.2}% 28
\BOOKMARK [2][-]{subsection.2.3.1}{Floyd Warshall}{section.2.3}% 29
\BOOKMARK [1][-]{section.2.4}{Minimum Spannig Tree}{chapter.2}% 30
\BOOKMARK [2][-]{subsection.2.4.1}{Kruskal}{section.2.4}% 31
\BOOKMARK [2][-]{subsection.2.4.2}{Prim}{section.2.4}% 32
\BOOKMARK [1][-]{section.2.5}{Flow}{chapter.2}% 33
\BOOKMARK [2][-]{subsection.2.5.1}{Maximum Bipartite Matching}{section.2.5}% 34
\BOOKMARK [2][-]{subsection.2.5.2}{Maximum Flow}{section.2.5}% 35
\BOOKMARK [2][-]{subsection.2.5.3}{Minimum Cost Maximum Flow}{section.2.5}% 36
\BOOKMARK [2][-]{subsection.2.5.4}{Minimum Cut}{section.2.5}% 37
\BOOKMARK [1][-]{section.2.6}{Tree}{chapter.2}% 38
\BOOKMARK [2][-]{subsection.2.6.1}{Lowest Common Ancestor}{section.2.6}% 39
\BOOKMARK [2][-]{subsection.2.6.2}{Centroid Decomposition}{section.2.6}% 40
\BOOKMARK [2][-]{subsection.2.6.3}{Heavy Light Decomposition on Edges}{section.2.6}% 41
\BOOKMARK [2][-]{subsection.2.6.4}{Heavy Light Decomposition on Vertex}{section.2.6}% 42
\BOOKMARK [2][-]{subsection.2.6.5}{All-Pairs Distance Sum}{section.2.6}% 43
\BOOKMARK [1][-]{section.2.7}{MISC}{chapter.2}% 44
\BOOKMARK [2][-]{subsection.2.7.1}{2-SAT}{section.2.7}% 45
\BOOKMARK [0][-]{chapter.3}{Dynamic Programming}{}% 46
\BOOKMARK [1][-]{section.3.1}{Optimizations}{chapter.3}% 47
\BOOKMARK [2][-]{subsection.3.1.1}{Divide and Counquer}{section.3.1}% 48
\BOOKMARK [2][-]{subsection.3.1.2}{Convex Hull I}{section.3.1}% 49
\BOOKMARK [2][-]{subsection.3.1.3}{Convex Hull II}{section.3.1}% 50
\BOOKMARK [2][-]{subsection.3.1.4}{Knuth Optimization}{section.3.1}% 51
\BOOKMARK [1][-]{section.3.2}{Digits}{chapter.3}% 52
\BOOKMARK [1][-]{section.3.3}{Grundy Numbers}{chapter.3}% 53
\BOOKMARK [0][-]{chapter.4}{String}{}% 54
\BOOKMARK [1][-]{section.4.1}{Hash}{chapter.4}% 55
\BOOKMARK [1][-]{section.4.2}{KMP}{chapter.4}% 56
\BOOKMARK [1][-]{section.4.3}{Aho Corasick}{chapter.4}% 57
\BOOKMARK [1][-]{section.4.4}{Manacher}{chapter.4}% 58
\BOOKMARK [1][-]{section.4.5}{Z-Algorithm}{chapter.4}% 59
\BOOKMARK [1][-]{section.4.6}{Suffix Array \046 LCP}{chapter.4}% 60
\BOOKMARK [1][-]{section.4.7}{Suffix Tree}{chapter.4}% 61
\BOOKMARK [0][-]{chapter.5}{Mathematic}{}% 62
\BOOKMARK [1][-]{section.5.1}{Prime Numbers}{chapter.5}% 63
\BOOKMARK [2][-]{subsection.5.1.1}{Erastotenes Sieve}{section.5.1}% 64
\BOOKMARK [2][-]{subsection.5.1.2}{Linear Sieve}{section.5.1}% 65
\BOOKMARK [2][-]{subsection.5.1.3}{Miller Rabin}{section.5.1}% 66
\BOOKMARK [2][-]{subsection.5.1.4}{BPSW}{section.5.1}% 67
\BOOKMARK [2][-]{subsection.5.1.5}{Primality Test}{section.5.1}% 68
\BOOKMARK [1][-]{section.5.2}{Chinese Remainder Theorem}{chapter.5}% 69
\BOOKMARK [1][-]{section.5.3}{Fast Fourier Transformation}{chapter.5}% 70
\BOOKMARK [1][-]{section.5.4}{Modular Math}{chapter.5}% 71
\BOOKMARK [2][-]{subsection.5.4.1}{Multiplicative Inverse}{section.5.4}% 72
\BOOKMARK [2][-]{subsection.5.4.2}{Linear All Multiplicative Inverse}{section.5.4}% 73
\BOOKMARK [1][-]{section.5.5}{Gaussian Elimination}{chapter.5}% 74
\BOOKMARK [1][-]{section.5.6}{Combinatorics}{chapter.5}% 75
\BOOKMARK [0][-]{chapter.6}{Geometry}{}% 76
\BOOKMARK [1][-]{section.6.1}{2d Template}{chapter.6}% 77
\BOOKMARK [1][-]{section.6.2}{3d Template}{chapter.6}% 78
\BOOKMARK [1][-]{section.6.3}{Polygon Template}{chapter.6}% 79
\BOOKMARK [1][-]{section.6.4}{Convex Hull}{chapter.6}% 80
\BOOKMARK [2][-]{subsection.6.4.1}{Graham Scan}{section.6.4}% 81
\BOOKMARK [2][-]{subsection.6.4.2}{Monotone Chain}{section.6.4}% 82
\BOOKMARK [1][-]{section.6.5}{Rotating Calipers}{chapter.6}% 83
\BOOKMARK [1][-]{section.6.6}{KD Tree}{chapter.6}% 84
\BOOKMARK [1][-]{section.6.7}{Range Tree}{chapter.6}% 85
\BOOKMARK [1][-]{section.6.8}{Circle Sweep}{chapter.6}% 86
